--------------------------------- 
OLS 
--------------------------------- 

Call:
lm(formula = y ~ price + X - 1, data = dat)

Coefficients:
   price        X1     Xhpwt      Xair      Xmpd    Xspace  
-0.08864  -3.56372  -0.12431  -0.03434   0.26502   2.34209  

hetero-cluster robust se = 0.0114424 0.7316519 0.5192826 0.1197734 0.1010307 0.3981352 
se ap =  0.0114424 
--------------------------------- 
2SLS 
--------------------------------- 
[1] "Estimates and Significance Testing from from tsls"
      Estimate Std. Error t value  p value    
d1    -0.13571    0.01152 -11.782  < 2e-16 ***
1     -3.96109    0.27841 -14.227  < 2e-16 ***
hpwt   1.22589    0.40771   3.007 0.002641 ** 
air    0.48630    0.13662   3.560 0.000372 ***
mpd    0.17157    0.04688   3.660 0.000252 ***
space  2.29160    0.12799  17.905  < 2e-16 ***
---
Signif. codes:  0 ‘***’ 0.001 ‘**’ 0.01 ‘*’ 0.05 ‘.’ 0.1 ‘ ’ 1


        Estimate Std. Error    t value      p value
d1    -0.1357103 0.01151879 -11.781641 4.853903e-32
1     -3.9610909 0.27841375 -14.227354 6.198336e-46
hpwt   1.2258879 0.40771433   3.006733 2.640720e-03
air    0.4862999 0.13661954   3.559519 3.715340e-04
mpd    0.1715668 0.04687801   3.659856 2.523571e-04
space  2.2916038 0.12798776  17.904866 1.080549e-71
hetero-cluster robust se = 0.04639862 0.7905619 1.23652 0.4129566 0.1376714 0.3889337 
se ap =  0.04639862 
--------------------------------- 
Donald and Newey Estimator
--------------------------------- 
---------------------- 
Preliminary Estimation 
---------------------- 
Method =  two.step 
k.m          = 10 
sig2.eps   =  1.241811 
sig.ld    =  24.44771 
sig.ld.eps =  -1.440586 
k.opt =  10 
bt.hat.DN = 
 -0.1357103 -3.961091 1.225888 0.4862999 0.1715668 2.291604 
hetero-cluster robust se = 0.04639862 0.7905619 1.23652 0.4129566 0.1376714 0.3889337 
se ap =  0.04639862 
--------------------------------- 
Kuersteiner and Okui Estimator 
--------------------------------- 
---------------------- 
Preliminary Estimation 
---------------------- 
Method =  two.step 
k.m          = 10 
sig2.eps   =  1.241811 
sig.ld    =  24.44771 
sig.ld.eps =  -1.440586 
Optimal Weights =  0 0 0 0 0 0 0 0 0 1 
bt.hat (KO) =  -0.1357103 -3.961091 1.225888 0.4862999 0.1715668 2.291604 
hetero-cluster robust se = 0.04639862 0.7905619 1.23652 0.4129566 0.1376714 0.3889337 
se ap =  0.04639862 
--------------------------------- 
CSA 
--------------------------------- 
ld =  0.1666667 0.1666667 0.1666667 0.1666667 0.1666667 0.1666667 
d.x =  6 
ld =  6 
---------------------- 
Preliminary Estimation 
---------------------- 
Method =  two.step 
k.m          = 10 
sig2.eps   =  1.241811 
sig.ld    =  24.44771 
sig.ld.eps =  -1.440586 
opt.k = 9 
bt.hat.CSA =  -0.142563 -4.018941 1.422453 0.5620958 0.1579617 2.284253 
hetero-cluster robust se = 0.04905024 0.7933062 1.304007 0.429905 0.1395023 0.3911432 
se ap =  0.04905024 

  n================== 
BLP-original-Table 
================== 
                  ap.hat robust.se K.opt No.Inelastic
OLS          -0.08863926     0.011    NA         1502
2SLS         -0.13571028     0.046    NA          746
DN.two.step  -0.13571028     0.046    10          746
KO.two.step  -0.13571028     0.046    NA          746
CSA.two.step -0.14256299     0.049     9          659
