--------------------------------- 
OLS 
--------------------------------- 

Call:
lm(formula = y ~ price + X - 1, data = dat)

Coefficients:
       price        Xconst         Xhpwt          Xair         Xmpdu       Xspaceu           Xtu  
    -0.09911       1.94002      18.99166      -0.49896      19.17238     -53.12599       0.96700  
     Xhpwt^2       Xhpwt^3       Xmpdu^2       Xmpdu^3     Xspaceu^2     Xspaceu^3         Xtu^2  
   -37.94156      22.25409     -26.60702      13.22988      89.32919     -45.67483      -4.02922  
       Xtu^3     Xhpwt*air     Xmpdu*air   Xspaceu*air       Xtu*air    Xhpwt*mpdu  Xhpwt*spaceu  
     0.48996       0.68905      -5.84218       1.32436       1.27147     -11.59876       4.90771  
    Xhpwt*tu  Xmpdu*spaceu      Xmpdu*tu    Xspaceu*tu  
     3.72238       3.36997       2.08541       0.33977  

hetero-cluster robust se = 0.0123559 7.656814 9.925898 1.190569 9.462803 32.8128 2.879017 19.40179 12.34727 13.02735 8.23311 47.48344 22.7445 1.933444 1.012979 0.925115 1.515948 0.9902732 0.5595145 4.67469 4.474062 1.721884 7.771344 3.123749 2.50704 
se ap =  0.0123559 
--------------------------------- 
2SLS 
--------------------------------- 
[1] "Estimates and Significance Testing from from tsls"
             Estimate Std. Error t value  p value    
d1           -0.12732    0.00751 -16.953  < 2e-16 ***
const         1.31713    4.45999   0.295 0.767748    
hpwt         14.31976    5.64668   2.536 0.011214 *  
air          -0.11746    0.82570  -0.142 0.886881    
mpdu         20.44362    7.48674   2.731 0.006321 ** 
spaceu      -49.24950   18.05598  -2.728 0.006380 ** 
tu            0.28078    2.24036   0.125 0.900265    
hpwt^2      -27.31401    9.70199  -2.815 0.004873 ** 
hpwt^3       16.40257    6.08107   2.697 0.006990 ** 
mpdu^2      -24.00212   10.48106  -2.290 0.022019 *  
mpdu^3       11.31643    6.22648   1.817 0.069145 .  
spaceu^2     85.30040   25.97087   3.284 0.001022 ** 
spaceu^3    -44.62536   12.41960  -3.593 0.000327 ***
tu^2         -3.99260    2.16563  -1.844 0.065239 .  
tu^3          0.45540    1.36679   0.333 0.738992    
hpwt*air      0.69869    0.81183   0.861 0.389433    
mpdu*air     -6.59639    1.12538  -5.861 4.59e-09 ***
spaceu*air    1.35072    0.74019   1.825 0.068026 .  
tu*air        1.34840    0.34334   3.927 8.59e-05 ***
hpwt*mpdu   -16.92371    4.29974  -3.936 8.29e-05 ***
hpwt*spaceu   5.71358    2.93330   1.948 0.051435 .  
hpwt*tu       4.89184    1.36216   3.591 0.000329 ***
mpdu*spaceu   2.31298    5.75857   0.402 0.687936    
mpdu*tu       2.15048    2.50775   0.858 0.391150    
spaceu*tu     0.78189    1.44112   0.543 0.587435    
---
Signif. codes:  0 ‘***’ 0.001 ‘**’ 0.01 ‘*’ 0.05 ‘.’ 0.1 ‘ ’ 1


               Estimate   Std. Error     t value      p value
d1           -0.1273187  0.007510129 -16.9529376 1.830733e-64
const         1.3171300  4.459988747   0.2953214 7.677484e-01
hpwt         14.3197548  5.646682336   2.5359590 1.121399e-02
air          -0.1174580  0.825702197  -0.1422522 8.868808e-01
mpdu         20.4436203  7.486735635   2.7306454 6.321044e-03
spaceu      -49.2495023 18.055976465  -2.7276012 6.379669e-03
tu            0.2807757  2.240361968   0.1253260 9.002654e-01
hpwt^2      -27.3140047  9.701984833  -2.8153007 4.873161e-03
hpwt^3       16.4025735  6.081071140   2.6973165 6.990080e-03
mpdu^2      -24.0021220 10.481059091  -2.2900474 2.201857e-02
mpdu^3       11.3164289  6.226478200   1.8174686 6.914538e-02
spaceu^2     85.3003990 25.970867313   3.2844648 1.021763e-03
spaceu^3    -44.6253596 12.419597060  -3.5931407 3.267161e-04
tu^2         -3.9925971  2.165631511  -1.8436180 6.523884e-02
tu^3          0.4554002  1.366795397   0.3331882 7.389922e-01
hpwt*air      0.6986942  0.811825352   0.8606460 3.894330e-01
mpdu*air     -6.5963932  1.125381808  -5.8614713 4.587837e-09
spaceu*air    1.3507207  0.740186855   1.8248374 6.802557e-02
tu*air        1.3484023  0.343342754   3.9272776 8.591280e-05
hpwt*mpdu   -16.9237065  4.299743835  -3.9359802 8.285781e-05
hpwt*spaceu   5.7135777  2.933295581   1.9478357 5.143463e-02
hpwt*tu       4.8918393  1.362157846   3.5912426 3.291051e-04
mpdu*spaceu   2.3129762  5.758572683   0.4016579 6.879358e-01
mpdu*tu       2.1504800  2.507750412   0.8575335 3.911501e-01
spaceu*tu     0.7818873  1.441117670   0.5425562 5.874354e-01
hetero-cluster robust se = 0.02459954 7.913881 9.824719 1.098807 9.800233 32.75335 2.674407 19.43256 12.37317 12.96274 8.184288 46.63906 22.06921 1.976844 1.003686 0.9851992 1.537288 0.8721083 0.577204 5.014737 4.709329 1.494802 8.02748 3.109101 2.434647 
se ap =  0.02459954 
--------------------------------- 
Donald and Newey Estimator
--------------------------------- 
---------------------- 
Preliminary Estimation 
---------------------- 
Method =  two.step 
k.m          = 47 
sig2.eps   =  1.092791 
sig.ld    =  1.958198 
sig.ld.eps =  0.2534256 
k.opt =  47 
bt.hat.DN = 
 -0.1271413 1.306458 14.35276 -0.1202613 20.4466 -49.22237 0.2868642 -27.38606 16.44304 -24.02797 11.3346 85.25803 -44.60116 -3.994568 0.4568098 0.6987523 -6.591522 1.350882 1.348065 -16.89032 5.707286 4.883424 2.310241 2.148355 0.7787706 
hetero-cluster robust se = 0.02453002 7.911271 9.82636 1.099723 9.802998 32.74977 2.676139 19.42804 12.36865 12.95744 8.180973 46.63401 22.06697 1.976743 1.003762 0.9846872 1.536486 0.8722415 0.5769387 5.020499 4.708777 1.496319 8.02985 3.109053 2.435184 
se ap =  0.02453002 
--------------------------------- 
Kuersteiner and Okui Estimator 
--------------------------------- 
---------------------- 
Preliminary Estimation 
---------------------- 
Method =  two.step 
k.m          = 47 
sig2.eps   =  1.092791 
sig.ld    =  1.958198 
sig.ld.eps =  0.2534256 
Optimal Weights =  0 0 0 0 0 0 0 0 0 0 0 0 0 0 0 0 0 0 0 0 0 0 0 0 0 0 0 0 0 0 0 0 0 0 0 0 0 0 0 0 0 0 0 0 0 0 0 1 
bt.hat (KO) =  -0.1273185 1.302432 14.32342 -0.1178677 20.4547 -49.19762 0.2825587 -27.3193 16.40629 -24.01172 11.32264 85.23221 -44.59434 -3.994349 0.4566002 0.6988134 -6.596255 1.35105 1.348549 -16.9238 5.712344 4.890764 2.303508 2.148763 0.7815513 
hetero-cluster robust se = 0.0246001 7.912691 9.825043 1.098761 9.800615 32.74877 2.674424 19.43353 12.37375 12.96388 8.185024 46.63377 22.0672 1.977064 1.003752 0.9851897 1.537311 0.8720557 0.577218 5.0147 4.709311 1.494807 8.026893 3.109143 2.434605 
se ap =  0.0246001 
--------------------------------- 
CSA 
--------------------------------- 
ld =  0.04 0.04 0.04 0.04 0.04 0.04 0.04 0.04 0.04 0.04 0.04 0.04 0.04 0.04 0.04 0.04 0.04 0.04 0.04 0.04 0.04 0.04 0.04 0.04 0.04 
d.x =  25 
ld =  25 
---------------------- 
Preliminary Estimation 
---------------------- 
Method =  two.step 
k.m          = 47 
sig2.eps   =  1.092791 
sig.ld    =  1.958198 
sig.ld.eps =  0.2534256 
opt.k = 1 
bt.hat.CSA =  -0.2514701 -1.503178 -6.218971 1.559086 26.09733 -31.91112 -2.729284 19.42347 -9.326742 -12.59102 2.929843 67.2037 -39.83971 -3.840882 0.309788 0.7417897 -9.914541 1.468511 1.687714 -40.35622 9.253114 10.03219 -2.38932 2.427514 2.725548 
hetero-cluster robust se = 0.08711472 12.5834 13.72938 1.778075 12.55826 49.72021 2.789663 25.40339 16.37823 16.8441 10.55997 71.87827 35.10429 2.515324 1.234305 1.557433 2.660756 1.868413 0.8068669 11.74059 7.663165 2.460994 9.95041 3.503414 2.636693 
se ap =  0.08711472 

 

 
================== 
BLP-extended-Table 
================== 
                  ap.hat robust.se K.opt No.Inelastic
OLS          -0.09910508     0.012    NA         1405
2SLS         -0.12731874     0.025    NA          874
DN.two.step  -0.12714126     0.025    47          876
KO.two.step  -0.12731853     0.025    NA          874
CSA.two.step -0.25147015     0.087     1            7
